# JRE version: OpenJDK Runtime Environment (17.0.6) (build 17.0.6+0-b2043.56-9586694)
# Java VM: OpenJDK 64-Bit Server VM (17.0.6+0-b2043.56-9586694, mixed mode, tiered, compressed oops, compressed class ptrs, g1 gc, windows-amd64)
GC Precious Log:
 CPUs: 12 total, 12 available
 Memory: 16239M
 Large Page Support: Disabled
 NUMA Support: Disabled
 Compressed Oops: Enabled (32-bit)
 Heap Region Size: 1M
 Heap Min Capacity: 8M
 Heap Initial Capacity: 254M
 Heap Max Capacity: 1536M
 Pre-touch: Disabled
 Parallel Workers: 10
 Concurrent Workers: 3
 Concurrent Refinement Workers: 10
 Periodic GC: Disabled
Heap:
 garbage-first heap   total 390144K, used 197606K [0x00000000a0000000, 0x0000000100000000)
  region size 1024K, 5 young (5120K), 5 survivors (5120K)
 Metaspace       used 116174K, committed 116992K, reserved 1155072K
  class space    used 16717K, committed 17088K, reserved 1048576K
GC Heap History (20 events):
Event: 5.560 GC heap after
{Heap after GC invocations=33 (full 0):
 garbage-first heap   total 222208K, used 80467K [0x00000000a0000000, 0x0000000100000000)
  region size 1024K, 10 young (10240K), 10 survivors (10240K)
 Metaspace       used 91293K, committed 91904K, reserved 1130496K
  class space    used 12465K, committed 12736K, reserved 1048576K
}
Event: 5.951 GC heap before
{Heap before GC invocations=33 (full 0):
 garbage-first heap   total 222208K, used 170579K [0x00000000a0000000, 0x0000000100000000)
  region size 1024K, 99 young (101376K), 10 survivors (10240K)
 Metaspace       used 94060K, committed 94720K, reserved 1138688K
  class space    used 13017K, committed 13312K, reserved 1048576K
}
Event: 5.958 GC heap after
{Heap after GC invocations=34 (full 0):
 garbage-first heap   total 222208K, used 90967K [0x00000000a0000000, 0x0000000100000000)
  region size 1024K, 11 young (11264K), 11 survivors (11264K)
 Metaspace       used 94060K, committed 94720K, reserved 1138688K
  class space    used 13017K, committed 13312K, reserved 1048576K
}
Event: 6.281 GC heap before
{Heap before GC invocations=34 (full 0):
 garbage-first heap   total 222208K, used 172887K [0x00000000a0000000, 0x0000000100000000)
  region size 1024K, 92 young (94208K), 11 survivors (11264K)
 Metaspace       used 97999K, committed 98624K, reserved 1138688K
  class space    used 13481K, committed 13824K, reserved 1048576K
}
Event: 6.287 GC heap after
{Heap after GC invocations=35 (full 0):
 garbage-first heap   total 222208K, used 98243K [0x00000000a0000000, 0x0000000100000000)
  region size 1024K, 8 young (8192K), 8 survivors (8192K)
 Metaspace       used 97999K, committed 98624K, reserved 1138688K
  class space    used 13481K, committed 13824K, reserved 1048576K
}
Event: 6.381 GC heap before
{Heap before GC invocations=35 (full 0):
 garbage-first heap   total 222208K, used 178115K [0x00000000a0000000, 0x0000000100000000)
  region size 1024K, 85 young (87040K), 8 survivors (8192K)
 Metaspace       used 99910K, committed 100544K, reserved 1138688K
  class space    used 13783K, committed 14080K, reserved 1048576K
}
Event: 6.385 GC heap after
{Heap after GC invocations=36 (full 0):
 garbage-first heap   total 222208K, used 114203K [0x00000000a0000000, 0x0000000100000000)
  region size 1024K, 11 young (11264K), 11 survivors (11264K)
 Metaspace       used 99910K, committed 100544K, reserved 1138688K
  class space    used 13783K, committed 14080K, reserved 1048576K
}
Event: 6.535 GC heap before
{Heap before GC invocations=36 (full 0):
 garbage-first heap   total 222208K, used 175643K [0x00000000a0000000, 0x0000000100000000)
  region size 1024K, 72 young (73728K), 11 survivors (11264K)
 Metaspace       used 103983K, committed 104576K, reserved 1146880K
  class space    used 14489K, committed 14784K, reserved 1048576K
}
Event: 6.542 GC heap after
{Heap after GC invocations=37 (full 0):
 garbage-first heap   total 222208K, used 123853K [0x00000000a0000000, 0x0000000100000000)
  region size 1024K, 9 young (9216K), 9 survivors (9216K)
 Metaspace       used 103983K, committed 104576K, reserved 1146880K
  class space    used 14489K, committed 14784K, reserved 1048576K
}
Event: 6.608 GC heap before
{Heap before GC invocations=37 (full 0):
 garbage-first heap   total 222208K, used 176077K [0x00000000a0000000, 0x0000000100000000)
  region size 1024K, 61 young (62464K), 9 survivors (9216K)
 Metaspace       used 106530K, committed 107200K, reserved 1146880K
  class space    used 14910K, committed 15232K, reserved 1048576K
}
Event: 6.616 GC heap after
{Heap after GC invocations=38 (full 0):
 garbage-first heap   total 222208K, used 133715K [0x00000000a0000000, 0x0000000100000000)
  region size 1024K, 8 young (8192K), 8 survivors (8192K)
 Metaspace       used 106530K, committed 107200K, reserved 1146880K
  class space    used 14910K, committed 15232K, reserved 1048576K
}
Event: 6.667 GC heap before
{Heap before GC invocations=38 (full 0):
 garbage-first heap   total 222208K, used 178771K [0x00000000a0000000, 0x0000000100000000)
  region size 1024K, 52 young (53248K), 8 survivors (8192K)
 Metaspace       used 108034K, committed 108736K, reserved 1146880K
  class space    used 15274K, committed 15616K, reserved 1048576K
}
Event: 6.675 GC heap after
{Heap after GC invocations=39 (full 0):
 garbage-first heap   total 390144K, used 141693K [0x00000000a0000000, 0x0000000100000000)
  region size 1024K, 7 young (7168K), 7 survivors (7168K)
 Metaspace       used 108034K, committed 108736K, reserved 1146880K
  class space    used 15274K, committed 15616K, reserved 1048576K
}
Event: 6.818 GC heap before
{Heap before GC invocations=39 (full 0):
 garbage-first heap   total 390144K, used 293245K [0x00000000a0000000, 0x0000000100000000)
  region size 1024K, 156 young (159744K), 7 survivors (7168K)
 Metaspace       used 112283K, committed 112896K, reserved 1146880K
  class space    used 16092K, committed 16384K, reserved 1048576K
}
Event: 6.830 GC heap after
{Heap after GC invocations=40 (full 0):
 garbage-first heap   total 390144K, used 165727K [0x00000000a0000000, 0x0000000100000000)
  region size 1024K, 20 young (20480K), 20 survivors (20480K)
 Metaspace       used 112283K, committed 112896K, reserved 1146880K
  class space    used 16092K, committed 16384K, reserved 1048576K
}
Event: 6.939 GC heap before
{Heap before GC invocations=40 (full 0):
 garbage-first heap   total 390144K, used 293727K [0x00000000a0000000, 0x0000000100000000)
  region size 1024K, 145 young (148480K), 20 survivors (20480K)
 Metaspace       used 114350K, committed 115072K, reserved 1155072K
  class space    used 16457K, committed 16768K, reserved 1048576K
}
Event: 6.952 GC heap after
{Heap after GC invocations=41 (full 0):
 garbage-first heap   total 390144K, used 182995K [0x00000000a0000000, 0x0000000100000000)
  region size 1024K, 17 young (17408K), 17 survivors (17408K)
 Metaspace       used 114350K, committed 115072K, reserved 1155072K
  class space    used 16457K, committed 16768K, reserved 1048576K
}
Event: 7.091 GC heap before
{Heap before GC invocations=41 (full 0):
 garbage-first heap   total 390144K, used 301779K [0x00000000a0000000, 0x0000000100000000)
  region size 1024K, 134 young (137216K), 17 survivors (17408K)
 Metaspace       used 115749K, committed 116544K, reserved 1155072K
  class space    used 16681K, committed 17088K, reserved 1048576K
}
Event: 7.100 GC heap after
{Heap after GC invocations=42 (full 0):
 garbage-first heap   total 390144K, used 193430K [0x00000000a0000000, 0x0000000100000000)
  region size 1024K, 11 young (11264K), 11 survivors (11264K)
 Metaspace       used 115749K, committed 116544K, reserved 1155072K
  class space    used 16681K, committed 17088K, reserved 1048576K
}
Event: 7.221 GC heap before
{Heap before GC invocations=42 (full 0):
 garbage-first heap   total 390144K, used 310166K [0x00000000a0000000, 0x0000000100000000)
  region size 1024K, 126 young (129024K), 11 survivors (11264K)
 Metaspace       used 116174K, committed 116992K, reserved 1155072K
  class space    used 16717K, committed 17088K, reserved 1048576K
}

