# JRE version: OpenJDK Runtime Environment (17.0.6) (build 17.0.6+0-b2043.56-9586694)
# Java VM: OpenJDK 64-Bit Server VM (17.0.6+0-b2043.56-9586694, mixed mode, tiered, compressed oops, compressed class ptrs, g1 gc, windows-amd64)
GC Precious Log:
 CPUs: 12 total, 12 available
 Memory: 16239M
 Large Page Support: Disabled
 NUMA Support: Disabled
 Compressed Oops: Enabled (32-bit)
 Heap Region Size: 1M
 Heap Min Capacity: 8M
 Heap Initial Capacity: 254M
 Heap Max Capacity: 1536M
 Pre-touch: Disabled
 Parallel Workers: 10
 Concurrent Workers: 3
 Concurrent Refinement Workers: 10
 Periodic GC: Disabled
Heap:
 garbage-first heap   total 260096K, used 151199K [0x00000000a0000000, 0x0000000100000000)
  region size 1024K, 6 young (6144K), 6 survivors (6144K)
 Metaspace       used 106598K, committed 107328K, reserved 1146880K
  class space    used 14905K, committed 15232K, reserved 1048576K
GC Heap History (20 events):
Event: 5.953 GC heap after
{Heap after GC invocations=27 (full 0):
 garbage-first heap   total 186368K, used 84659K [0x00000000a0000000, 0x0000000100000000)
  region size 1024K, 10 young (10240K), 10 survivors (10240K)
 Metaspace       used 91313K, committed 91904K, reserved 1130496K
  class space    used 12435K, committed 12736K, reserved 1048576K
}
Event: 6.304 GC heap before
{Heap before GC invocations=27 (full 0):
 garbage-first heap   total 186368K, used 147123K [0x00000000a0000000, 0x0000000100000000)
  region size 1024K, 71 young (72704K), 10 survivors (10240K)
 Metaspace       used 93955K, committed 94656K, reserved 1138688K
  class space    used 12982K, committed 13312K, reserved 1048576K
}
Event: 6.310 GC heap after
{Heap after GC invocations=28 (full 0):
 garbage-first heap   total 186368K, used 92015K [0x00000000a0000000, 0x0000000100000000)
  region size 1024K, 7 young (7168K), 7 survivors (7168K)
 Metaspace       used 93955K, committed 94656K, reserved 1138688K
  class space    used 12982K, committed 13312K, reserved 1048576K
}
Event: 6.590 GC heap before
{Heap before GC invocations=28 (full 0):
 garbage-first heap   total 186368K, used 143215K [0x00000000a0000000, 0x0000000100000000)
  region size 1024K, 59 young (60416K), 7 survivors (7168K)
 Metaspace       used 95632K, committed 96256K, reserved 1138688K
  class space    used 13122K, committed 13440K, reserved 1048576K
}
Event: 6.594 GC heap after
{Heap after GC invocations=29 (full 0):
 garbage-first heap   total 186368K, used 96846K [0x00000000a0000000, 0x0000000100000000)
  region size 1024K, 6 young (6144K), 6 survivors (6144K)
 Metaspace       used 95632K, committed 96256K, reserved 1138688K
  class space    used 13122K, committed 13440K, reserved 1048576K
}
Event: 6.747 GC heap before
{Heap before GC invocations=30 (full 0):
 garbage-first heap   total 186368K, used 148046K [0x00000000a0000000, 0x0000000100000000)
  region size 1024K, 57 young (58368K), 6 survivors (6144K)
 Metaspace       used 98343K, committed 99008K, reserved 1138688K
  class space    used 13518K, committed 13824K, reserved 1048576K
}
Event: 6.750 GC heap after
{Heap after GC invocations=31 (full 0):
 garbage-first heap   total 186368K, used 102556K [0x00000000a0000000, 0x0000000100000000)
  region size 1024K, 6 young (6144K), 6 survivors (6144K)
 Metaspace       used 98343K, committed 99008K, reserved 1138688K
  class space    used 13518K, committed 13824K, reserved 1048576K
}
Event: 6.751 GC heap before
{Heap before GC invocations=31 (full 0):
 garbage-first heap   total 186368K, used 104604K [0x00000000a0000000, 0x0000000100000000)
  region size 1024K, 9 young (9216K), 6 survivors (6144K)
 Metaspace       used 98356K, committed 99008K, reserved 1138688K
  class space    used 13519K, committed 13824K, reserved 1048576K
}
Event: 6.753 GC heap after
{Heap after GC invocations=32 (full 0):
 garbage-first heap   total 186368K, used 102995K [0x00000000a0000000, 0x0000000100000000)
  region size 1024K, 2 young (2048K), 2 survivors (2048K)
 Metaspace       used 98356K, committed 99008K, reserved 1138688K
  class space    used 13519K, committed 13824K, reserved 1048576K
}
Event: 6.783 GC heap before
{Heap before GC invocations=32 (full 0):
 garbage-first heap   total 186368K, used 152147K [0x00000000a0000000, 0x0000000100000000)
  region size 1024K, 49 young (50176K), 2 survivors (2048K)
 Metaspace       used 98929K, committed 99584K, reserved 1138688K
  class space    used 13596K, committed 13888K, reserved 1048576K
}
Event: 6.785 GC heap after
{Heap after GC invocations=33 (full 0):
 garbage-first heap   total 224256K, used 112514K [0x00000000a0000000, 0x0000000100000000)
  region size 1024K, 7 young (7168K), 7 survivors (7168K)
 Metaspace       used 98929K, committed 99584K, reserved 1138688K
  class space    used 13596K, committed 13888K, reserved 1048576K
}
Event: 7.046 GC heap before
{Heap before GC invocations=34 (full 0):
 garbage-first heap   total 224256K, used 177026K [0x00000000a0000000, 0x0000000100000000)
  region size 1024K, 71 young (72704K), 7 survivors (7168K)
 Metaspace       used 102762K, committed 103360K, reserved 1138688K
  class space    used 14203K, committed 14464K, reserved 1048576K
}
Event: 7.052 GC heap after
{Heap after GC invocations=35 (full 0):
 garbage-first heap   total 224256K, used 124093K [0x00000000a0000000, 0x0000000100000000)
  region size 1024K, 9 young (9216K), 9 survivors (9216K)
 Metaspace       used 102762K, committed 103360K, reserved 1138688K
  class space    used 14203K, committed 14464K, reserved 1048576K
}
Event: 7.057 GC heap before
{Heap before GC invocations=35 (full 0):
 garbage-first heap   total 224256K, used 126141K [0x00000000a0000000, 0x0000000100000000)
  region size 1024K, 11 young (11264K), 9 survivors (9216K)
 Metaspace       used 102843K, committed 103488K, reserved 1138688K
  class space    used 14214K, committed 14528K, reserved 1048576K
}
Event: 7.060 GC heap after
{Heap after GC invocations=36 (full 0):
 garbage-first heap   total 224256K, used 123433K [0x00000000a0000000, 0x0000000100000000)
  region size 1024K, 2 young (2048K), 2 survivors (2048K)
 Metaspace       used 102843K, committed 103488K, reserved 1138688K
  class space    used 14214K, committed 14528K, reserved 1048576K
}
Event: 7.127 GC heap before
{Heap before GC invocations=36 (full 0):
 garbage-first heap   total 224256K, used 177705K [0x00000000a0000000, 0x0000000100000000)
  region size 1024K, 55 young (56320K), 2 survivors (2048K)
 Metaspace       used 104406K, committed 105024K, reserved 1146880K
  class space    used 14511K, committed 14784K, reserved 1048576K
}
Event: 7.133 GC heap after
{Heap after GC invocations=37 (full 0):
 garbage-first heap   total 224256K, used 133729K [0x00000000a0000000, 0x0000000100000000)
  region size 1024K, 7 young (7168K), 7 survivors (7168K)
 Metaspace       used 104406K, committed 105024K, reserved 1146880K
  class space    used 14511K, committed 14784K, reserved 1048576K
}
Event: 7.182 GC heap before
{Heap before GC invocations=37 (full 0):
 garbage-first heap   total 224256K, used 180833K [0x00000000a0000000, 0x0000000100000000)
  region size 1024K, 53 young (54272K), 7 survivors (7168K)
 Metaspace       used 105247K, committed 105920K, reserved 1146880K
  class space    used 14625K, committed 14912K, reserved 1048576K
}
Event: 7.189 GC heap after
{Heap after GC invocations=38 (full 0):
 garbage-first heap   total 224256K, used 143642K [0x00000000a0000000, 0x0000000100000000)
  region size 1024K, 7 young (7168K), 7 survivors (7168K)
 Metaspace       used 105247K, committed 105920K, reserved 1146880K
  class space    used 14625K, committed 14912K, reserved 1048576K
}
Event: 7.233 GC heap before
{Heap before GC invocations=38 (full 0):
 garbage-first heap   total 224256K, used 181530K [0x00000000a0000000, 0x0000000100000000)
  region size 1024K, 45 young (46080K), 7 survivors (7168K)
 Metaspace       used 106598K, committed 107328K, reserved 1146880K
  class space    used 14905K, committed 15232K, reserved 1048576K
}

