# JRE version: OpenJDK Runtime Environment (17.0.6) (build 17.0.6+0-b2043.56-9586694)
# Java VM: OpenJDK 64-Bit Server VM (17.0.6+0-b2043.56-9586694, mixed mode, tiered, compressed oops, compressed class ptrs, g1 gc, windows-amd64)
GC Precious Log:
 CPUs: 12 total, 12 available
 Memory: 16239M
 Large Page Support: Disabled
 NUMA Support: Disabled
 Compressed Oops: Enabled (32-bit)
 Heap Region Size: 1M
 Heap Min Capacity: 8M
 Heap Initial Capacity: 254M
 Heap Max Capacity: 1536M
 Pre-touch: Disabled
 Parallel Workers: 10
 Concurrent Workers: 3
 Concurrent Refinement Workers: 10
 Periodic GC: Disabled
Heap:
 garbage-first heap   total 413696K, used 284165K [0x00000000a0000000, 0x0000000100000000)
  region size 1024K, 82 young (83968K), 7 survivors (7168K)
 Metaspace       used 121142K, committed 121984K, reserved 1155072K
  class space    used 16048K, committed 16448K, reserved 1048576K
GC Heap History (20 events):
Event: 14.830 GC heap before
{Heap before GC invocations=48 (full 0):
 garbage-first heap   total 326656K, used 254112K [0x00000000a0000000, 0x0000000100000000)
  region size 1024K, 66 young (67584K), 3 survivors (3072K)
 Metaspace       used 111156K, committed 111872K, reserved 1146880K
  class space    used 15072K, committed 15424K, reserved 1048576K
}
Event: 14.832 GC heap after
{Heap after GC invocations=49 (full 0):
 garbage-first heap   total 326656K, used 190616K [0x00000000a0000000, 0x0000000100000000)
  region size 1024K, 4 young (4096K), 4 survivors (4096K)
 Metaspace       used 111156K, committed 111872K, reserved 1146880K
  class space    used 15072K, committed 15424K, reserved 1048576K
}
Event: 14.864 GC heap before
{Heap before GC invocations=49 (full 0):
 garbage-first heap   total 326656K, used 201880K [0x00000000a0000000, 0x0000000100000000)
  region size 1024K, 15 young (15360K), 4 survivors (4096K)
 Metaspace       used 111156K, committed 111872K, reserved 1146880K
  class space    used 15072K, committed 15424K, reserved 1048576K
}
Event: 14.865 GC heap after
{Heap after GC invocations=50 (full 0):
 garbage-first heap   total 326656K, used 190493K [0x00000000a0000000, 0x0000000100000000)
  region size 1024K, 1 young (1024K), 1 survivors (1024K)
 Metaspace       used 111156K, committed 111872K, reserved 1146880K
  class space    used 15072K, committed 15424K, reserved 1048576K
}
Event: 15.051 GC heap before
{Heap before GC invocations=50 (full 0):
 garbage-first heap   total 326656K, used 263197K [0x00000000a0000000, 0x0000000100000000)
  region size 1024K, 72 young (73728K), 1 survivors (1024K)
 Metaspace       used 111161K, committed 111936K, reserved 1146880K
  class space    used 15072K, committed 15424K, reserved 1048576K
}
Event: 15.052 GC heap after
{Heap after GC invocations=51 (full 0):
 garbage-first heap   total 326656K, used 190557K [0x00000000a0000000, 0x0000000100000000)
  region size 1024K, 1 young (1024K), 1 survivors (1024K)
 Metaspace       used 111161K, committed 111936K, reserved 1146880K
  class space    used 15072K, committed 15424K, reserved 1048576K
}
Event: 15.236 GC heap before
{Heap before GC invocations=51 (full 0):
 garbage-first heap   total 326656K, used 273501K [0x00000000a0000000, 0x0000000100000000)
  region size 1024K, 82 young (83968K), 1 survivors (1024K)
 Metaspace       used 111176K, committed 111936K, reserved 1146880K
  class space    used 15073K, committed 15424K, reserved 1048576K
}
Event: 15.237 GC heap after
{Heap after GC invocations=52 (full 0):
 garbage-first heap   total 326656K, used 190691K [0x00000000a0000000, 0x0000000100000000)
  region size 1024K, 1 young (1024K), 1 survivors (1024K)
 Metaspace       used 111176K, committed 111936K, reserved 1146880K
  class space    used 15073K, committed 15424K, reserved 1048576K
}
Event: 19.099 GC heap before
{Heap before GC invocations=52 (full 0):
 garbage-first heap   total 326656K, used 275683K [0x00000000a0000000, 0x0000000100000000)
  region size 1024K, 85 young (87040K), 1 survivors (1024K)
 Metaspace       used 116736K, committed 117568K, reserved 1155072K
  class space    used 15579K, committed 16000K, reserved 1048576K
}
Event: 19.103 GC heap after
{Heap after GC invocations=53 (full 0):
 garbage-first heap   total 326656K, used 194339K [0x00000000a0000000, 0x0000000100000000)
  region size 1024K, 7 young (7168K), 7 survivors (7168K)
 Metaspace       used 116736K, committed 117568K, reserved 1155072K
  class space    used 15579K, committed 16000K, reserved 1048576K
}
Event: 19.381 GC heap before
{Heap before GC invocations=54 (full 0):
 garbage-first heap   total 331776K, used 274494K [0x00000000a0000000, 0x0000000100000000)
  region size 1024K, 86 young (88064K), 7 survivors (7168K)
 Metaspace       used 117271K, committed 118144K, reserved 1155072K
  class space    used 15630K, committed 16064K, reserved 1048576K
}
Event: 19.384 GC heap after
{Heap after GC invocations=55 (full 0):
 garbage-first heap   total 331776K, used 196301K [0x00000000a0000000, 0x0000000100000000)
  region size 1024K, 4 young (4096K), 4 survivors (4096K)
 Metaspace       used 117271K, committed 118144K, reserved 1155072K
  class space    used 15630K, committed 16064K, reserved 1048576K
}
Event: 19.401 GC heap before
{Heap before GC invocations=55 (full 0):
 garbage-first heap   total 331776K, used 207565K [0x00000000a0000000, 0x0000000100000000)
  region size 1024K, 16 young (16384K), 4 survivors (4096K)
 Metaspace       used 117302K, committed 118144K, reserved 1155072K
  class space    used 15631K, committed 16064K, reserved 1048576K
}
Event: 19.402 GC heap after
{Heap after GC invocations=56 (full 0):
 garbage-first heap   total 331776K, used 195612K [0x00000000a0000000, 0x0000000100000000)
  region size 1024K, 1 young (1024K), 1 survivors (1024K)
 Metaspace       used 117302K, committed 118144K, reserved 1155072K
  class space    used 15631K, committed 16064K, reserved 1048576K
}
Event: 20.013 GC heap before
{Heap before GC invocations=56 (full 0):
 garbage-first heap   total 331776K, used 279580K [0x00000000a0000000, 0x0000000100000000)
  region size 1024K, 84 young (86016K), 1 survivors (1024K)
 Metaspace       used 117489K, committed 118336K, reserved 1155072K
  class space    used 15634K, committed 16064K, reserved 1048576K
}
Event: 20.014 GC heap after
{Heap after GC invocations=57 (full 0):
 garbage-first heap   total 331776K, used 196402K [0x00000000a0000000, 0x0000000100000000)
  region size 1024K, 2 young (2048K), 2 survivors (2048K)
 Metaspace       used 117489K, committed 118336K, reserved 1155072K
  class space    used 15634K, committed 16064K, reserved 1048576K
}
Event: 21.185 GC heap before
{Heap before GC invocations=57 (full 0):
 garbage-first heap   total 331776K, used 282418K [0x00000000a0000000, 0x0000000100000000)
  region size 1024K, 87 young (89088K), 2 survivors (2048K)
 Metaspace       used 118570K, committed 119360K, reserved 1155072K
  class space    used 15725K, committed 16128K, reserved 1048576K
}
Event: 21.187 GC heap after
{Heap after GC invocations=58 (full 0):
 garbage-first heap   total 331776K, used 200442K [0x00000000a0000000, 0x0000000100000000)
  region size 1024K, 6 young (6144K), 6 survivors (6144K)
 Metaspace       used 118570K, committed 119360K, reserved 1155072K
  class space    used 15725K, committed 16128K, reserved 1048576K
}
Event: 21.500 GC heap before
{Heap before GC invocations=58 (full 0):
 garbage-first heap   total 331776K, used 228090K [0x00000000a0000000, 0x0000000100000000)
  region size 1024K, 35 young (35840K), 6 survivors (6144K)
 Metaspace       used 120050K, committed 120960K, reserved 1155072K
  class space    used 15926K, committed 16384K, reserved 1048576K
}
Event: 21.502 GC heap after
{Heap after GC invocations=59 (full 0):
 garbage-first heap   total 331776K, used 202245K [0x00000000a0000000, 0x0000000100000000)
  region size 1024K, 7 young (7168K), 7 survivors (7168K)
 Metaspace       used 120050K, committed 120960K, reserved 1155072K
  class space    used 15926K, committed 16384K, reserved 1048576K
}

