# JRE version: OpenJDK Runtime Environment (17.0.6) (build 17.0.6+0-b2043.56-9586694)
# Java VM: OpenJDK 64-Bit Server VM (17.0.6+0-b2043.56-9586694, mixed mode, tiered, compressed oops, compressed class ptrs, g1 gc, windows-amd64)
GC Precious Log:
 CPUs: 12 total, 12 available
 Memory: 16239M
 Large Page Support: Disabled
 NUMA Support: Disabled
 Compressed Oops: Enabled (32-bit)
 Heap Region Size: 1M
 Heap Min Capacity: 8M
 Heap Initial Capacity: 254M
 Heap Max Capacity: 1536M
 Pre-touch: Disabled
 Parallel Workers: 10
 Concurrent Workers: 3
 Concurrent Refinement Workers: 10
 Periodic GC: Disabled
Heap:
 garbage-first heap   total 437248K, used 344315K [0x00000000a0000000, 0x0000000100000000)
  region size 1024K, 207 young (211968K), 14 survivors (14336K)
 Metaspace       used 100772K, committed 101504K, reserved 1138688K
  class space    used 13286K, committed 13632K, reserved 1048576K
GC Heap History (20 events):
Event: 27.518 GC heap before
{Heap before GC invocations=124 (full 0):
 garbage-first heap   total 437248K, used 384286K [0x00000000a0000000, 0x0000000100000000)
  region size 1024K, 251 young (257024K), 6 survivors (6144K)
 Metaspace       used 72206K, committed 72960K, reserved 1114112K
  class space    used 9212K, committed 9536K, reserved 1048576K
}
Event: 27.522 GC heap after
{Heap after GC invocations=125 (full 0):
 garbage-first heap   total 437248K, used 135978K [0x00000000a0000000, 0x0000000100000000)
  region size 1024K, 8 young (8192K), 8 survivors (8192K)
 Metaspace       used 72206K, committed 72960K, reserved 1114112K
  class space    used 9212K, committed 9536K, reserved 1048576K
}
Event: 27.811 GC heap before
{Heap before GC invocations=125 (full 0):
 garbage-first heap   total 437248K, used 382762K [0x00000000a0000000, 0x0000000100000000)
  region size 1024K, 249 young (254976K), 8 survivors (8192K)
 Metaspace       used 72206K, committed 72960K, reserved 1114112K
  class space    used 9212K, committed 9536K, reserved 1048576K
}
Event: 27.815 GC heap after
{Heap after GC invocations=126 (full 0):
 garbage-first heap   total 437248K, used 137480K [0x00000000a0000000, 0x0000000100000000)
  region size 1024K, 9 young (9216K), 9 survivors (9216K)
 Metaspace       used 72206K, committed 72960K, reserved 1114112K
  class space    used 9212K, committed 9536K, reserved 1048576K
}
Event: 28.095 GC heap before
{Heap before GC invocations=126 (full 0):
 garbage-first heap   total 437248K, used 382216K [0x00000000a0000000, 0x0000000100000000)
  region size 1024K, 248 young (253952K), 9 survivors (9216K)
 Metaspace       used 72206K, committed 72960K, reserved 1114112K
  class space    used 9212K, committed 9536K, reserved 1048576K
}
Event: 28.100 GC heap after
{Heap after GC invocations=127 (full 0):
 garbage-first heap   total 437248K, used 138928K [0x00000000a0000000, 0x0000000100000000)
  region size 1024K, 11 young (11264K), 11 survivors (11264K)
 Metaspace       used 72206K, committed 72960K, reserved 1114112K
  class space    used 9212K, committed 9536K, reserved 1048576K
}
Event: 28.390 GC heap before
{Heap before GC invocations=127 (full 0):
 garbage-first heap   total 437248K, used 379568K [0x00000000a0000000, 0x0000000100000000)
  region size 1024K, 246 young (251904K), 11 survivors (11264K)
 Metaspace       used 72206K, committed 72960K, reserved 1114112K
  class space    used 9212K, committed 9536K, reserved 1048576K
}
Event: 28.396 GC heap after
{Heap after GC invocations=128 (full 0):
 garbage-first heap   total 437248K, used 140575K [0x00000000a0000000, 0x0000000100000000)
  region size 1024K, 12 young (12288K), 12 survivors (12288K)
 Metaspace       used 72206K, committed 72960K, reserved 1114112K
  class space    used 9212K, committed 9536K, reserved 1048576K
}
Event: 29.351 GC heap before
{Heap before GC invocations=128 (full 0):
 garbage-first heap   total 437248K, used 382239K [0x00000000a0000000, 0x0000000100000000)
  region size 1024K, 245 young (250880K), 12 survivors (12288K)
 Metaspace       used 72226K, committed 72960K, reserved 1114112K
  class space    used 9212K, committed 9536K, reserved 1048576K
}
Event: 29.352 GC heap after
{Heap after GC invocations=129 (full 0):
 garbage-first heap   total 437248K, used 129945K [0x00000000a0000000, 0x0000000100000000)
  region size 1024K, 3 young (3072K), 3 survivors (3072K)
 Metaspace       used 72226K, committed 72960K, reserved 1114112K
  class space    used 9212K, committed 9536K, reserved 1048576K
}
Event: 29.623 GC heap before
{Heap before GC invocations=129 (full 0):
 garbage-first heap   total 437248K, used 387993K [0x00000000a0000000, 0x0000000100000000)
  region size 1024K, 254 young (260096K), 3 survivors (3072K)
 Metaspace       used 72226K, committed 72960K, reserved 1114112K
  class space    used 9212K, committed 9536K, reserved 1048576K
}
Event: 29.624 GC heap after
{Heap after GC invocations=130 (full 0):
 garbage-first heap   total 437248K, used 128236K [0x00000000a0000000, 0x0000000100000000)
  region size 1024K, 3 young (3072K), 3 survivors (3072K)
 Metaspace       used 72226K, committed 72960K, reserved 1114112K
  class space    used 9212K, committed 9536K, reserved 1048576K
}
Event: 29.977 GC heap before
{Heap before GC invocations=130 (full 0):
 garbage-first heap   total 437248K, used 391404K [0x00000000a0000000, 0x0000000100000000)
  region size 1024K, 256 young (262144K), 3 survivors (3072K)
 Metaspace       used 72241K, committed 72960K, reserved 1114112K
  class space    used 9212K, committed 9536K, reserved 1048576K
}
Event: 29.978 GC heap after
{Heap after GC invocations=131 (full 0):
 garbage-first heap   total 437248K, used 131227K [0x00000000a0000000, 0x0000000100000000)
  region size 1024K, 2 young (2048K), 2 survivors (2048K)
 Metaspace       used 72241K, committed 72960K, reserved 1114112K
  class space    used 9212K, committed 9536K, reserved 1048576K
}
Event: 30.272 GC heap before
{Heap before GC invocations=131 (full 0):
 garbage-first heap   total 437248K, used 387227K [0x00000000a0000000, 0x0000000100000000)
  region size 1024K, 252 young (258048K), 2 survivors (2048K)
 Metaspace       used 72241K, committed 72960K, reserved 1114112K
  class space    used 9212K, committed 9536K, reserved 1048576K
}
Event: 30.274 GC heap after
{Heap after GC invocations=132 (full 0):
 garbage-first heap   total 437248K, used 134302K [0x00000000a0000000, 0x0000000100000000)
  region size 1024K, 5 young (5120K), 5 survivors (5120K)
 Metaspace       used 72241K, committed 72960K, reserved 1114112K
  class space    used 9212K, committed 9536K, reserved 1048576K
}
Event: 30.593 GC heap before
{Heap before GC invocations=132 (full 0):
 garbage-first heap   total 437248K, used 384158K [0x00000000a0000000, 0x0000000100000000)
  region size 1024K, 250 young (256000K), 5 survivors (5120K)
 Metaspace       used 72246K, committed 72960K, reserved 1114112K
  class space    used 9212K, committed 9536K, reserved 1048576K
}
Event: 30.594 GC heap after
{Heap after GC invocations=133 (full 0):
 garbage-first heap   total 437248K, used 126558K [0x00000000a0000000, 0x0000000100000000)
  region size 1024K, 2 young (2048K), 2 survivors (2048K)
 Metaspace       used 72246K, committed 72960K, reserved 1114112K
  class space    used 9212K, committed 9536K, reserved 1048576K
}
Event: 31.636 GC heap before
{Heap before GC invocations=133 (full 0):
 garbage-first heap   total 437248K, used 399966K [0x00000000a0000000, 0x0000000100000000)
  region size 1024K, 255 young (261120K), 2 survivors (2048K)
 Metaspace       used 82656K, committed 83328K, reserved 1122304K
  class space    used 10632K, committed 10944K, reserved 1048576K
}
Event: 31.639 GC heap after
{Heap after GC invocations=134 (full 0):
 garbage-first heap   total 437248K, used 147707K [0x00000000a0000000, 0x0000000100000000)
  region size 1024K, 14 young (14336K), 14 survivors (14336K)
 Metaspace       used 82656K, committed 83328K, reserved 1122304K
  class space    used 10632K, committed 10944K, reserved 1048576K
}

