# JRE version: OpenJDK Runtime Environment (17.0.6) (build 17.0.6+0-b2043.56-9586694)
# Java VM: OpenJDK 64-Bit Server VM (17.0.6+0-b2043.56-9586694, mixed mode, tiered, compressed oops, compressed class ptrs, g1 gc, windows-amd64)
GC Precious Log:
 CPUs: 12 total, 12 available
 Memory: 16239M
 Large Page Support: Disabled
 NUMA Support: Disabled
 Compressed Oops: Enabled (32-bit)
 Heap Region Size: 1M
 Heap Min Capacity: 8M
 Heap Initial Capacity: 254M
 Heap Max Capacity: 1536M
 Pre-touch: Disabled
 Parallel Workers: 10
 Concurrent Workers: 3
 Concurrent Refinement Workers: 10
 Periodic GC: Disabled
Heap:
 garbage-first heap   total 402432K, used 278575K [0x00000000a0000000, 0x0000000100000000)
  region size 1024K, 14 young (14336K), 5 survivors (5120K)
 Metaspace       used 139522K, committed 140544K, reserved 1171456K
  class space    used 18333K, committed 18816K, reserved 1048576K
GC Heap History (20 events):
Event: 19.175 GC heap before
{Heap before GC invocations=56 (full 0):
 garbage-first heap   total 399360K, used 214004K [0x00000000a0000000, 0x0000000100000000)
  region size 1024K, 19 young (19456K), 10 survivors (10240K)
 Metaspace       used 125366K, committed 126208K, reserved 1163264K
  class space    used 16698K, committed 17088K, reserved 1048576K
}
Event: 19.178 GC heap after
{Heap after GC invocations=57 (full 0):
 garbage-first heap   total 399360K, used 205391K [0x00000000a0000000, 0x0000000100000000)
  region size 1024K, 2 young (2048K), 2 survivors (2048K)
 Metaspace       used 125366K, committed 126208K, reserved 1163264K
  class space    used 16698K, committed 17088K, reserved 1048576K
}
Event: 19.280 GC heap before
{Heap before GC invocations=57 (full 0):
 garbage-first heap   total 399360K, used 328271K [0x00000000a0000000, 0x0000000100000000)
  region size 1024K, 123 young (125952K), 2 survivors (2048K)
 Metaspace       used 125429K, committed 126272K, reserved 1163264K
  class space    used 16698K, committed 17088K, reserved 1048576K
}
Event: 19.281 GC heap after
{Heap after GC invocations=58 (full 0):
 garbage-first heap   total 399360K, used 206479K [0x00000000a0000000, 0x0000000100000000)
  region size 1024K, 3 young (3072K), 3 survivors (3072K)
 Metaspace       used 125429K, committed 126272K, reserved 1163264K
  class space    used 16698K, committed 17088K, reserved 1048576K
}
Event: 19.430 GC heap before
{Heap before GC invocations=59 (full 0):
 garbage-first heap   total 399360K, used 333455K [0x00000000a0000000, 0x0000000100000000)
  region size 1024K, 126 young (129024K), 3 survivors (3072K)
 Metaspace       used 125481K, committed 126336K, reserved 1163264K
  class space    used 16698K, committed 17088K, reserved 1048576K
}
Event: 19.432 GC heap after
{Heap after GC invocations=60 (full 0):
 garbage-first heap   total 399360K, used 206274K [0x00000000a0000000, 0x0000000100000000)
  region size 1024K, 3 young (3072K), 3 survivors (3072K)
 Metaspace       used 125481K, committed 126336K, reserved 1163264K
  class space    used 16698K, committed 17088K, reserved 1048576K
}
Event: 19.449 GC heap before
{Heap before GC invocations=60 (full 0):
 garbage-first heap   total 399360K, used 222658K [0x00000000a0000000, 0x0000000100000000)
  region size 1024K, 19 young (19456K), 3 survivors (3072K)
 Metaspace       used 125481K, committed 126336K, reserved 1163264K
  class space    used 16698K, committed 17088K, reserved 1048576K
}
Event: 19.451 GC heap after
{Heap after GC invocations=61 (full 0):
 garbage-first heap   total 399360K, used 207396K [0x00000000a0000000, 0x0000000100000000)
  region size 1024K, 3 young (3072K), 3 survivors (3072K)
 Metaspace       used 125481K, committed 126336K, reserved 1163264K
  class space    used 16698K, committed 17088K, reserved 1048576K
}
Event: 19.784 GC heap before
{Heap before GC invocations=61 (full 0):
 garbage-first heap   total 399360K, used 335396K [0x00000000a0000000, 0x0000000100000000)
  region size 1024K, 129 young (132096K), 3 survivors (3072K)
 Metaspace       used 127649K, committed 128448K, reserved 1163264K
  class space    used 16955K, committed 17280K, reserved 1048576K
}
Event: 19.786 GC heap after
{Heap after GC invocations=62 (full 0):
 garbage-first heap   total 399360K, used 213425K [0x00000000a0000000, 0x0000000100000000)
  region size 1024K, 9 young (9216K), 9 survivors (9216K)
 Metaspace       used 127649K, committed 128448K, reserved 1163264K
  class space    used 16955K, committed 17280K, reserved 1048576K
}
Event: 26.513 GC heap before
{Heap before GC invocations=62 (full 0):
 garbage-first heap   total 399360K, used 336305K [0x00000000a0000000, 0x0000000100000000)
  region size 1024K, 130 young (133120K), 9 survivors (9216K)
 Metaspace       used 129830K, committed 130816K, reserved 1163264K
  class space    used 17235K, committed 17728K, reserved 1048576K
}
Event: 26.517 GC heap after
{Heap after GC invocations=63 (full 0):
 garbage-first heap   total 399360K, used 217346K [0x00000000a0000000, 0x0000000100000000)
  region size 1024K, 13 young (13312K), 13 survivors (13312K)
 Metaspace       used 129830K, committed 130816K, reserved 1163264K
  class space    used 17235K, committed 17728K, reserved 1048576K
}
Event: 27.257 GC heap before
{Heap before GC invocations=63 (full 0):
 garbage-first heap   total 399360K, used 337154K [0x00000000a0000000, 0x0000000100000000)
  region size 1024K, 131 young (134144K), 13 survivors (13312K)
 Metaspace       used 135123K, committed 136128K, reserved 1171456K
  class space    used 17911K, committed 18368K, reserved 1048576K
}
Event: 27.264 GC heap after
{Heap after GC invocations=64 (full 0):
 garbage-first heap   total 399360K, used 229534K [0x00000000a0000000, 0x0000000100000000)
  region size 1024K, 17 young (17408K), 17 survivors (17408K)
 Metaspace       used 135123K, committed 136128K, reserved 1171456K
  class space    used 17911K, committed 18368K, reserved 1048576K
}
Event: 27.935 GC heap before
{Heap before GC invocations=65 (full 0):
 garbage-first heap   total 399360K, used 361630K [0x00000000a0000000, 0x0000000100000000)
  region size 1024K, 121 young (123904K), 17 survivors (17408K)
 Metaspace       used 139181K, committed 140224K, reserved 1171456K
  class space    used 18303K, committed 18816K, reserved 1048576K
}
Event: 27.946 GC heap after
{Heap after GC invocations=66 (full 0):
 garbage-first heap   total 402432K, used 273285K [0x00000000a0000000, 0x0000000100000000)
  region size 1024K, 16 young (16384K), 16 survivors (16384K)
 Metaspace       used 139181K, committed 140224K, reserved 1171456K
  class space    used 18303K, committed 18816K, reserved 1048576K
}
Event: 27.957 GC heap before
{Heap before GC invocations=66 (full 0):
 garbage-first heap   total 402432K, used 275333K [0x00000000a0000000, 0x0000000100000000)
  region size 1024K, 19 young (19456K), 16 survivors (16384K)
 Metaspace       used 139182K, committed 140224K, reserved 1171456K
  class space    used 18303K, committed 18816K, reserved 1048576K
}
Event: 27.961 GC heap after
{Heap after GC invocations=67 (full 0):
 garbage-first heap   total 402432K, used 266670K [0x00000000a0000000, 0x0000000100000000)
  region size 1024K, 1 young (1024K), 1 survivors (1024K)
 Metaspace       used 139182K, committed 140224K, reserved 1171456K
  class space    used 18303K, committed 18816K, reserved 1048576K
}
Event: 28.093 GC heap before
{Heap before GC invocations=67 (full 0):
 garbage-first heap   total 402432K, used 284078K [0x00000000a0000000, 0x0000000100000000)
  region size 1024K, 20 young (20480K), 1 survivors (1024K)
 Metaspace       used 139263K, committed 140288K, reserved 1171456K
  class space    used 18313K, committed 18816K, reserved 1048576K
}
Event: 28.095 GC heap after
{Heap after GC invocations=68 (full 0):
 garbage-first heap   total 402432K, used 270383K [0x00000000a0000000, 0x0000000100000000)
  region size 1024K, 5 young (5120K), 5 survivors (5120K)
 Metaspace       used 139263K, committed 140288K, reserved 1171456K
  class space    used 18313K, committed 18816K, reserved 1048576K
}

