# JRE version: OpenJDK Runtime Environment (17.0.6) (build 17.0.6+0-b2043.56-9586694)
# Java VM: OpenJDK 64-Bit Server VM (17.0.6+0-b2043.56-9586694, mixed mode, tiered, compressed oops, compressed class ptrs, g1 gc, windows-amd64)
GC Precious Log:
 CPUs: 12 total, 12 available
 Memory: 16239M
 Large Page Support: Disabled
 NUMA Support: Disabled
 Compressed Oops: Enabled (32-bit)
 Heap Region Size: 1M
 Heap Min Capacity: 8M
 Heap Initial Capacity: 254M
 Heap Max Capacity: 1536M
 Pre-touch: Disabled
 Parallel Workers: 10
 Concurrent Workers: 3
 Concurrent Refinement Workers: 10
 Periodic GC: Disabled
Heap:
 garbage-first heap   total 369664K, used 230928K [0x00000000a0000000, 0x0000000100000000)
  region size 1024K, 10 young (10240K), 10 survivors (10240K)
 Metaspace       used 129860K, committed 130688K, reserved 1163264K
  class space    used 18040K, committed 18432K, reserved 1048576K
GC Heap History (20 events):
Event: 6.566 GC heap after
{Heap after GC invocations=52 (full 0):
 garbage-first heap   total 171008K, used 110963K [0x00000000a0000000, 0x0000000100000000)
  region size 1024K, 6 young (6144K), 6 survivors (6144K)
 Metaspace       used 98539K, committed 99264K, reserved 1138688K
  class space    used 13477K, committed 13824K, reserved 1048576K
}
Event: 6.816 GC heap before
{Heap before GC invocations=53 (full 0):
 garbage-first heap   total 227328K, used 161138K [0x00000000a0000000, 0x0000000100000000)
  region size 1024K, 33 young (33792K), 6 survivors (6144K)
 Metaspace       used 101403K, committed 102080K, reserved 1138688K
  class space    used 13775K, committed 14080K, reserved 1048576K
}
Event: 6.821 GC heap after
{Heap after GC invocations=54 (full 0):
 garbage-first heap   total 227328K, used 136849K [0x00000000a0000000, 0x0000000100000000)
  region size 1024K, 5 young (5120K), 5 survivors (5120K)
 Metaspace       used 101403K, committed 102080K, reserved 1138688K
  class space    used 13775K, committed 14080K, reserved 1048576K
}
Event: 6.832 GC heap before
{Heap before GC invocations=54 (full 0):
 garbage-first heap   total 227328K, used 141969K [0x00000000a0000000, 0x0000000100000000)
  region size 1024K, 12 young (12288K), 5 survivors (5120K)
 Metaspace       used 101405K, committed 102080K, reserved 1138688K
  class space    used 13775K, committed 14080K, reserved 1048576K
}
Event: 6.835 GC heap after
{Heap after GC invocations=55 (full 0):
 garbage-first heap   total 369664K, used 136549K [0x00000000a0000000, 0x0000000100000000)
  region size 1024K, 1 young (1024K), 1 survivors (1024K)
 Metaspace       used 101405K, committed 102080K, reserved 1138688K
  class space    used 13775K, committed 14080K, reserved 1048576K
}
Event: 7.533 GC heap before
{Heap before GC invocations=55 (full 0):
 garbage-first heap   total 369664K, used 291173K [0x00000000a0000000, 0x0000000100000000)
  region size 1024K, 138 young (141312K), 1 survivors (1024K)
 Metaspace       used 108070K, committed 108800K, reserved 1146880K
  class space    used 14448K, committed 14784K, reserved 1048576K
}
Event: 7.538 GC heap after
{Heap after GC invocations=56 (full 0):
 garbage-first heap   total 369664K, used 144760K [0x00000000a0000000, 0x0000000100000000)
  region size 1024K, 9 young (9216K), 9 survivors (9216K)
 Metaspace       used 108070K, committed 108800K, reserved 1146880K
  class space    used 14448K, committed 14784K, reserved 1048576K
}
Event: 8.207 GC heap before
{Heap before GC invocations=56 (full 0):
 garbage-first heap   total 369664K, used 281976K [0x00000000a0000000, 0x0000000100000000)
  region size 1024K, 144 young (147456K), 9 survivors (9216K)
 Metaspace       used 112811K, committed 113600K, reserved 1155072K
  class space    used 14996K, committed 15360K, reserved 1048576K
}
Event: 8.212 GC heap after
{Heap after GC invocations=57 (full 0):
 garbage-first heap   total 369664K, used 144689K [0x00000000a0000000, 0x0000000100000000)
  region size 1024K, 9 young (9216K), 9 survivors (9216K)
 Metaspace       used 112811K, committed 113600K, reserved 1155072K
  class space    used 14996K, committed 15360K, reserved 1048576K
}
Event: 8.380 GC heap before
{Heap before GC invocations=57 (full 0):
 garbage-first heap   total 369664K, used 290097K [0x00000000a0000000, 0x0000000100000000)
  region size 1024K, 152 young (155648K), 9 survivors (9216K)
 Metaspace       used 113063K, committed 113792K, reserved 1155072K
  class space    used 15002K, committed 15360K, reserved 1048576K
}
Event: 8.384 GC heap after
{Heap after GC invocations=58 (full 0):
 garbage-first heap   total 369664K, used 145336K [0x00000000a0000000, 0x0000000100000000)
  region size 1024K, 10 young (10240K), 10 survivors (10240K)
 Metaspace       used 113063K, committed 113792K, reserved 1155072K
  class space    used 15002K, committed 15360K, reserved 1048576K
}
Event: 8.759 GC heap before
{Heap before GC invocations=58 (full 0):
 garbage-first heap   total 369664K, used 305080K [0x00000000a0000000, 0x0000000100000000)
  region size 1024K, 165 young (168960K), 10 survivors (10240K)
 Metaspace       used 119248K, committed 120064K, reserved 1155072K
  class space    used 16015K, committed 16448K, reserved 1048576K
}
Event: 8.769 GC heap after
{Heap after GC invocations=59 (full 0):
 garbage-first heap   total 369664K, used 169008K [0x00000000a0000000, 0x0000000100000000)
  region size 1024K, 21 young (21504K), 21 survivors (21504K)
 Metaspace       used 119248K, committed 120064K, reserved 1155072K
  class space    used 16015K, committed 16448K, reserved 1048576K
}
Event: 8.921 GC heap before
{Heap before GC invocations=59 (full 0):
 garbage-first heap   total 369664K, used 291888K [0x00000000a0000000, 0x0000000100000000)
  region size 1024K, 142 young (145408K), 21 survivors (21504K)
 Metaspace       used 123677K, committed 124480K, reserved 1163264K
  class space    used 16868K, committed 17280K, reserved 1048576K
}
Event: 8.935 GC heap after
{Heap after GC invocations=60 (full 0):
 garbage-first heap   total 369664K, used 187082K [0x00000000a0000000, 0x0000000100000000)
  region size 1024K, 18 young (18432K), 18 survivors (18432K)
 Metaspace       used 123677K, committed 124480K, reserved 1163264K
  class space    used 16868K, committed 17280K, reserved 1048576K
}
Event: 9.007 GC heap before
{Heap before GC invocations=60 (full 0):
 garbage-first heap   total 369664K, used 291530K [0x00000000a0000000, 0x0000000100000000)
  region size 1024K, 121 young (123904K), 18 survivors (18432K)
 Metaspace       used 125829K, committed 126656K, reserved 1163264K
  class space    used 17265K, committed 17664K, reserved 1048576K
}
Event: 9.020 GC heap after
{Heap after GC invocations=61 (full 0):
 garbage-first heap   total 369664K, used 206134K [0x00000000a0000000, 0x0000000100000000)
  region size 1024K, 16 young (16384K), 16 survivors (16384K)
 Metaspace       used 125829K, committed 126656K, reserved 1163264K
  class space    used 17265K, committed 17664K, reserved 1048576K
}
Event: 9.090 GC heap before
{Heap before GC invocations=61 (full 0):
 garbage-first heap   total 369664K, used 294198K [0x00000000a0000000, 0x0000000100000000)
  region size 1024K, 103 young (105472K), 16 survivors (16384K)
 Metaspace       used 128318K, committed 129152K, reserved 1163264K
  class space    used 17774K, committed 18176K, reserved 1048576K
}
Event: 9.100 GC heap after
{Heap after GC invocations=62 (full 0):
 garbage-first heap   total 369664K, used 221184K [0x00000000a0000000, 0x0000000100000000)
  region size 1024K, 13 young (13312K), 13 survivors (13312K)
 Metaspace       used 128318K, committed 129152K, reserved 1163264K
  class space    used 17774K, committed 18176K, reserved 1048576K
}
Event: 9.175 GC heap before
{Heap before GC invocations=62 (full 0):
 garbage-first heap   total 369664K, used 301056K [0x00000000a0000000, 0x0000000100000000)
  region size 1024K, 91 young (93184K), 13 survivors (13312K)
 Metaspace       used 129860K, committed 130688K, reserved 1163264K
  class space    used 18040K, committed 18432K, reserved 1048576K
}

