# JRE version: OpenJDK Runtime Environment (17.0.6) (build 17.0.6+0-b2043.56-9586694)
# Java VM: OpenJDK 64-Bit Server VM (17.0.6+0-b2043.56-9586694, mixed mode, tiered, compressed oops, compressed class ptrs, g1 gc, windows-amd64)
GC Precious Log:
 CPUs: 12 total, 12 available
 Memory: 16239M
 Large Page Support: Disabled
 NUMA Support: Disabled
 Compressed Oops: Enabled (32-bit)
 Heap Region Size: 1M
 Heap Min Capacity: 8M
 Heap Initial Capacity: 254M
 Heap Max Capacity: 1536M
 Pre-touch: Disabled
 Parallel Workers: 10
 Concurrent Workers: 3
 Concurrent Refinement Workers: 10
 Periodic GC: Disabled
Heap:
 garbage-first heap   total 338944K, used 207815K [0x00000000a0000000, 0x0000000100000000)
  region size 1024K, 12 young (12288K), 12 survivors (12288K)
 Metaspace       used 112973K, committed 113664K, reserved 1146880K
  class space    used 16253K, committed 16576K, reserved 1048576K
GC Heap History (20 events):
Event: 5.682 GC heap after
{Heap after GC invocations=28 (full 0):
 garbage-first heap   total 140288K, used 83550K [0x00000000a0000000, 0x0000000100000000)
  region size 1024K, 5 young (5120K), 5 survivors (5120K)
 Metaspace       used 91268K, committed 91904K, reserved 1130496K
  class space    used 12450K, committed 12736K, reserved 1048576K
}
Event: 5.905 GC heap before
{Heap before GC invocations=28 (full 0):
 garbage-first heap   total 140288K, used 115294K [0x00000000a0000000, 0x0000000100000000)
  region size 1024K, 36 young (36864K), 5 survivors (5120K)
 Metaspace       used 93223K, committed 93888K, reserved 1130496K
  class space    used 12812K, committed 13120K, reserved 1048576K
}
Event: 5.909 GC heap after
{Heap after GC invocations=29 (full 0):
 garbage-first heap   total 140288K, used 87922K [0x00000000a0000000, 0x0000000100000000)
  region size 1024K, 4 young (4096K), 4 survivors (4096K)
 Metaspace       used 93223K, committed 93888K, reserved 1130496K
  class space    used 12812K, committed 13120K, reserved 1048576K
}
Event: 6.008 GC heap before
{Heap before GC invocations=30 (full 0):
 garbage-first heap   total 165888K, used 115570K [0x00000000a0000000, 0x0000000100000000)
  region size 1024K, 32 young (32768K), 4 survivors (4096K)
 Metaspace       used 93891K, committed 94592K, reserved 1138688K
  class space    used 12986K, committed 13312K, reserved 1048576K
}
Event: 6.011 GC heap after
{Heap after GC invocations=31 (full 0):
 garbage-first heap   total 165888K, used 90362K [0x00000000a0000000, 0x0000000100000000)
  region size 1024K, 3 young (3072K), 3 survivors (3072K)
 Metaspace       used 93891K, committed 94592K, reserved 1138688K
  class space    used 12986K, committed 13312K, reserved 1048576K
}
Event: 6.021 GC heap before
{Heap before GC invocations=31 (full 0):
 garbage-first heap   total 165888K, used 94458K [0x00000000a0000000, 0x0000000100000000)
  region size 1024K, 8 young (8192K), 3 survivors (3072K)
 Metaspace       used 93901K, committed 94592K, reserved 1138688K
  class space    used 12986K, committed 13312K, reserved 1048576K
}
Event: 6.022 GC heap after
{Heap after GC invocations=32 (full 0):
 garbage-first heap   total 165888K, used 90460K [0x00000000a0000000, 0x0000000100000000)
  region size 1024K, 1 young (1024K), 1 survivors (1024K)
 Metaspace       used 93901K, committed 94592K, reserved 1138688K
  class space    used 12986K, committed 13312K, reserved 1048576K
}
Event: 6.218 GC heap before
{Heap before GC invocations=32 (full 0):
 garbage-first heap   total 165888K, used 134492K [0x00000000a0000000, 0x0000000100000000)
  region size 1024K, 45 young (46080K), 1 survivors (1024K)
 Metaspace       used 95277K, committed 95936K, reserved 1138688K
  class space    used 13091K, committed 13376K, reserved 1048576K
}
Event: 6.221 GC heap after
{Heap after GC invocations=33 (full 0):
 garbage-first heap   total 338944K, used 93636K [0x00000000a0000000, 0x0000000100000000)
  region size 1024K, 4 young (4096K), 4 survivors (4096K)
 Metaspace       used 95277K, committed 95936K, reserved 1138688K
  class space    used 13091K, committed 13376K, reserved 1048576K
}
Event: 6.579 GC heap before
{Heap before GC invocations=33 (full 0):
 garbage-first heap   total 338944K, used 262596K [0x00000000a0000000, 0x0000000100000000)
  region size 1024K, 168 young (172032K), 4 survivors (4096K)
 Metaspace       used 102429K, committed 103168K, reserved 1138688K
  class space    used 14180K, committed 14528K, reserved 1048576K
}
Event: 6.587 GC heap after
{Heap after GC invocations=34 (full 0):
 garbage-first heap   total 338944K, used 119386K [0x00000000a0000000, 0x0000000100000000)
  region size 1024K, 21 young (21504K), 21 survivors (21504K)
 Metaspace       used 102429K, committed 103168K, reserved 1138688K
  class space    used 14180K, committed 14528K, reserved 1048576K
}
Event: 6.778 GC heap before
{Heap before GC invocations=34 (full 0):
 garbage-first heap   total 338944K, used 243290K [0x00000000a0000000, 0x0000000100000000)
  region size 1024K, 142 young (145408K), 21 survivors (21504K)
 Metaspace       used 105592K, committed 106304K, reserved 1146880K
  class space    used 14703K, committed 15040K, reserved 1048576K
}
Event: 6.794 GC heap after
{Heap after GC invocations=35 (full 0):
 garbage-first heap   total 338944K, used 140696K [0x00000000a0000000, 0x0000000100000000)
  region size 1024K, 18 young (18432K), 18 survivors (18432K)
 Metaspace       used 105592K, committed 106304K, reserved 1146880K
  class space    used 14703K, committed 15040K, reserved 1048576K
}
Event: 6.895 GC heap before
{Heap before GC invocations=35 (full 0):
 garbage-first heap   total 338944K, used 248216K [0x00000000a0000000, 0x0000000100000000)
  region size 1024K, 124 young (126976K), 18 survivors (18432K)
 Metaspace       used 108357K, committed 109120K, reserved 1146880K
  class space    used 15309K, committed 15680K, reserved 1048576K
}
Event: 6.909 GC heap after
{Heap after GC invocations=36 (full 0):
 garbage-first heap   total 338944K, used 160768K [0x00000000a0000000, 0x0000000100000000)
  region size 1024K, 16 young (16384K), 16 survivors (16384K)
 Metaspace       used 108357K, committed 109120K, reserved 1146880K
  class space    used 15309K, committed 15680K, reserved 1048576K
}
Event: 6.956 GC heap before
{Heap before GC invocations=36 (full 0):
 garbage-first heap   total 338944K, used 259072K [0x00000000a0000000, 0x0000000100000000)
  region size 1024K, 112 young (114688K), 16 survivors (16384K)
 Metaspace       used 109032K, committed 109760K, reserved 1146880K
  class space    used 15445K, committed 15808K, reserved 1048576K
}
Event: 6.968 GC heap after
{Heap after GC invocations=37 (full 0):
 garbage-first heap   total 338944K, used 179200K [0x00000000a0000000, 0x0000000100000000)
  region size 1024K, 14 young (14336K), 14 survivors (14336K)
 Metaspace       used 109032K, committed 109760K, reserved 1146880K
  class space    used 15445K, committed 15808K, reserved 1048576K
}
Event: 7.011 GC heap before
{Heap before GC invocations=37 (full 0):
 garbage-first heap   total 338944K, used 267264K [0x00000000a0000000, 0x0000000100000000)
  region size 1024K, 100 young (102400K), 14 survivors (14336K)
 Metaspace       used 110178K, committed 110912K, reserved 1146880K
  class space    used 15695K, committed 16064K, reserved 1048576K
}
Event: 7.021 GC heap after
{Heap after GC invocations=38 (full 0):
 garbage-first heap   total 338944K, used 194282K [0x00000000a0000000, 0x0000000100000000)
  region size 1024K, 13 young (13312K), 13 survivors (13312K)
 Metaspace       used 110178K, committed 110912K, reserved 1146880K
  class space    used 15695K, committed 16064K, reserved 1048576K
}
Event: 7.129 GC heap before
{Heap before GC invocations=38 (full 0):
 garbage-first heap   total 338944K, used 271082K [0x00000000a0000000, 0x0000000100000000)
  region size 1024K, 89 young (91136K), 13 survivors (13312K)
 Metaspace       used 112973K, committed 113664K, reserved 1146880K
  class space    used 16253K, committed 16576K, reserved 1048576K
}

